2024-07-10 22:51:36,205 [Worker-2: Loading available Gradle versions] INFO  o.e.b.c.i.u.g.PublishedGradleVersions - Gradle version information cache is up-to-date. Trying to read.
2024-07-15 01:05:32,988 [Worker-4: Loading available Gradle versions] INFO  o.e.b.c.i.u.g.PublishedGradleVersions - Gradle version information cache is out-of-date. Trying to update.
2024-07-18 22:23:02,764 [Worker-2: Loading available Gradle versions] INFO  o.e.b.c.i.u.g.PublishedGradleVersions - Gradle version information cache is out-of-date. Trying to update.
2024-07-21 13:55:52,672 [JGit-FileStoreAttributeWriter-2] ERROR org.eclipse.jgit.util.FS - Cannot save config file 'FileBasedConfig[V:\.config\jgit\config]'
java.io.IOException: Creating directories for V:\.config\jgit failed
	at org.eclipse.jgit.util.FileUtils.mkdirs(FileUtils.java:421)
	at org.eclipse.jgit.internal.storage.file.LockFile.lock(LockFile.java:144)
	at org.eclipse.jgit.storage.file.FileBasedConfig.save(FileBasedConfig.java:201)
	at org.eclipse.jgit.util.FS$FileStoreAttributes.saveToConfig(FS.java:776)
	at org.eclipse.jgit.util.FS$FileStoreAttributes.lambda$5(FS.java:458)
	at java.base/java.util.concurrent.ThreadPoolExecutor.runWorker(ThreadPoolExecutor.java:1136)
	at java.base/java.util.concurrent.ThreadPoolExecutor$Worker.run(ThreadPoolExecutor.java:635)
	at java.base/java.lang.Thread.run(Thread.java:840)
2024-07-23 20:16:55,094 [Worker-1: Loading available Gradle versions] INFO  o.e.b.c.i.u.g.PublishedGradleVersions - Gradle version information cache is out-of-date. Trying to update.
2024-07-23 20:17:00,985 [JGit-FileStoreAttributeWriter-2] ERROR org.eclipse.jgit.util.FS - Cannot save config file 'FileBasedConfig[V:\.config\jgit\config]'
java.io.IOException: Creating directories for V:\.config\jgit failed
	at org.eclipse.jgit.util.FileUtils.mkdirs(FileUtils.java:421)
	at org.eclipse.jgit.internal.storage.file.LockFile.lock(LockFile.java:144)
	at org.eclipse.jgit.storage.file.FileBasedConfig.save(FileBasedConfig.java:201)
	at org.eclipse.jgit.util.FS$FileStoreAttributes.saveToConfig(FS.java:776)
	at org.eclipse.jgit.util.FS$FileStoreAttributes.lambda$5(FS.java:458)
	at java.base/java.util.concurrent.ThreadPoolExecutor.runWorker(ThreadPoolExecutor.java:1136)
	at java.base/java.util.concurrent.ThreadPoolExecutor$Worker.run(ThreadPoolExecutor.java:635)
	at java.base/java.lang.Thread.run(Thread.java:840)
2024-07-30 22:34:05,703 [Worker-2: Loading available Gradle versions] INFO  o.e.b.c.i.u.g.PublishedGradleVersions - Gradle version information cache is out-of-date. Trying to update.
2024-07-30 22:34:10,676 [JGit-FileStoreAttributeWriter-2] ERROR org.eclipse.jgit.util.FS - Cannot save config file 'FileBasedConfig[V:\.config\jgit\config]'
java.io.IOException: Creating directories for V:\.config\jgit failed
	at org.eclipse.jgit.util.FileUtils.mkdirs(FileUtils.java:421)
	at org.eclipse.jgit.internal.storage.file.LockFile.lock(LockFile.java:144)
	at org.eclipse.jgit.storage.file.FileBasedConfig.save(FileBasedConfig.java:201)
	at org.eclipse.jgit.util.FS$FileStoreAttributes.saveToConfig(FS.java:776)
	at org.eclipse.jgit.util.FS$FileStoreAttributes.lambda$5(FS.java:458)
	at java.base/java.util.concurrent.ThreadPoolExecutor.runWorker(ThreadPoolExecutor.java:1136)
	at java.base/java.util.concurrent.ThreadPoolExecutor$Worker.run(ThreadPoolExecutor.java:635)
	at java.base/java.lang.Thread.run(Thread.java:840)
2024-07-31 23:55:02,987 [Worker-1: Loading available Gradle versions] INFO  o.e.b.c.i.u.g.PublishedGradleVersions - Gradle version information cache is out-of-date. Trying to update.
2024-07-31 23:55:07,526 [JGit-FileStoreAttributeWriter-2] ERROR org.eclipse.jgit.util.FS - Cannot save config file 'FileBasedConfig[V:\.config\jgit\config]'
java.io.IOException: Creating directories for V:\.config\jgit failed
	at org.eclipse.jgit.util.FileUtils.mkdirs(FileUtils.java:421)
	at org.eclipse.jgit.internal.storage.file.LockFile.lock(LockFile.java:144)
	at org.eclipse.jgit.storage.file.FileBasedConfig.save(FileBasedConfig.java:201)
	at org.eclipse.jgit.util.FS$FileStoreAttributes.saveToConfig(FS.java:776)
	at org.eclipse.jgit.util.FS$FileStoreAttributes.lambda$5(FS.java:458)
	at java.base/java.util.concurrent.ThreadPoolExecutor.runWorker(ThreadPoolExecutor.java:1136)
	at java.base/java.util.concurrent.ThreadPoolExecutor$Worker.run(ThreadPoolExecutor.java:635)
	at java.base/java.lang.Thread.run(Thread.java:840)
